Release 14.7 - xst P.20131013 (nt64)
Copyright (c) 1995-2013 Xilinx, Inc.  All rights reserved.
--> Parameter TMPDIR set to xst/projnav.tmp


Total REAL time to Xst completion: 0.00 secs
Total CPU time to Xst completion: 0.10 secs
 
--> Parameter xsthdpdir set to xst


Total REAL time to Xst completion: 0.00 secs
Total CPU time to Xst completion: 0.10 secs
 
--> Reading design: TOP.prj

TABLE OF CONTENTS
  1) Synthesis Options Summary
  2) HDL Parsing
  3) HDL Elaboration
  4) HDL Synthesis
       4.1) HDL Synthesis Report
  5) Advanced HDL Synthesis
       5.1) Advanced HDL Synthesis Report
  6) Low Level Synthesis
  7) Partition Report
  8) Design Summary
       8.1) Primitive and Black Box Usage
       8.2) Device utilization summary
       8.3) Partition Resource Summary
       8.4) Timing Report
            8.4.1) Clock Information
            8.4.2) Asynchronous Control Signals Information
            8.4.3) Timing Summary
            8.4.4) Timing Details
            8.4.5) Cross Clock Domains Report


=========================================================================
*                      Synthesis Options Summary                        *
=========================================================================
---- Source Parameters
Input File Name                    : "TOP.prj"
Ignore Synthesis Constraint File   : NO

---- Target Parameters
Output File Name                   : "TOP"
Output Format                      : NGC
Target Device                      : xc7a100t-1-csg324

---- Source Options
Top Module Name                    : TOP
Automatic FSM Extraction           : YES
FSM Encoding Algorithm             : Auto
Safe Implementation                : No
FSM Style                          : LUT
RAM Extraction                     : Yes
RAM Style                          : Auto
ROM Extraction                     : Yes
Shift Register Extraction          : YES
ROM Style                          : Auto
Resource Sharing                   : YES
Asynchronous To Synchronous        : NO
Shift Register Minimum Size        : 2
Use DSP Block                      : Auto
Automatic Register Balancing       : No

---- Target Options
LUT Combining                      : Auto
Reduce Control Sets                : Auto
Add IO Buffers                     : YES
Global Maximum Fanout              : 100000
Add Generic Clock Buffer(BUFG)     : 32
Register Duplication               : YES
Optimize Instantiated Primitives   : NO
Use Clock Enable                   : Auto
Use Synchronous Set                : Auto
Use Synchronous Reset              : Auto
Pack IO Registers into IOBs        : Auto
Equivalent register Removal        : YES

---- General Options
Optimization Goal                  : Speed
Optimization Effort                : 1
Power Reduction                    : NO
Keep Hierarchy                     : No
Netlist Hierarchy                  : As_Optimized
RTL Output                         : Yes
Global Optimization                : AllClockNets
Read Cores                         : YES
Write Timing Constraints           : NO
Cross Clock Analysis               : NO
Hierarchy Separator                : /
Bus Delimiter                      : <>
Case Specifier                     : Maintain
Slice Utilization Ratio            : 100
BRAM Utilization Ratio             : 100
DSP48 Utilization Ratio            : 100
Auto BRAM Packing                  : NO
Slice Utilization Ratio Delta      : 5

=========================================================================


=========================================================================
*                          HDL Parsing                                  *
=========================================================================
Parsing VHDL file "C:\Users\junchao\Documents\GitHub\MIPS-processor\RegFile.vhd" into library work
Parsing entity <RegFile>.
Parsing architecture <arch_RegFile> of entity <regfile>.
Parsing VHDL file "C:\Users\junchao\Documents\GitHub\MIPS-processor\PC.vhd" into library work
Parsing entity <PC>.
Parsing architecture <arch_PC> of entity <pc>.
Parsing VHDL file "C:\Users\junchao\Documents\GitHub\MIPS-processor\ControlUnit.vhd" into library work
Parsing entity <ControlUnit>.
Parsing architecture <arch_ControlUnit> of entity <controlunit>.
Parsing VHDL file "C:\Users\junchao\Documents\GitHub\MIPS-processor\ALU.vhd" into library work
Parsing entity <ALU>.
Parsing architecture <arch_ALU> of entity <alu>.
Parsing VHDL file "C:\Users\junchao\Documents\GitHub\MIPS-processor\MIPS.vhd" into library work
Parsing entity <MIPS>.
Parsing architecture <arch_MIPS> of entity <mips>.
Parsing VHDL file "C:\Users\junchao\Documents\GitHub\MIPS-processor\TOP.vhd" into library work
Parsing entity <TOP>.
Parsing architecture <arch_TOP> of entity <top>.

=========================================================================
*                            HDL Elaboration                            *
=========================================================================

Elaborating entity <TOP> (architecture <arch_TOP>) from library <work>.

Elaborating entity <MIPS> (architecture <arch_MIPS>) from library <work>.

Elaborating entity <PC> (architecture <arch_PC>) from library <work>.

Elaborating entity <ALU> (architecture <arch_ALU>) from library <work>.
INFO:HDLCompiler:679 - "C:\Users\junchao\Documents\GitHub\MIPS-processor\ALU.vhd" Line 75. Case statement is complete. others clause is never selected

Elaborating entity <ControlUnit> (architecture <arch_ControlUnit>) from library <work>.

Elaborating entity <RegFile> (architecture <arch_RegFile>) from library <work>.

=========================================================================
*                           HDL Synthesis                               *
=========================================================================

Synthesizing Unit <TOP>.
    Related source file is "C:\Users\junchao\Documents\GitHub\MIPS-processor\TOP.vhd".
    Found 256x32-bit single-port RAM <Mram_DATA_MEM> for signal <DATA_MEM>.
    Found 1-bit register for signal <LED<6>>.
    Found 1-bit register for signal <LED<5>>.
    Found 1-bit register for signal <LED<4>>.
    Found 1-bit register for signal <LED<3>>.
    Found 1-bit register for signal <LED<2>>.
    Found 1-bit register for signal <LED<1>>.
    Found 1-bit register for signal <LED<0>>.
    Found 26-bit register for signal <CLK_DIV_PROCESS.clk_counter>.
    Found 1-bit register for signal <CLK>.
    Found 1-bit register for signal <LED<7>>.
    Found 26-bit adder for signal <CLK_DIV_PROCESS.clk_counter[25]_GND_5_o_add_12_OUT> created at line 211.
    Found 256x32-bit Read Only RAM for signal <Addr_Instr[9]_GND_5_o_wide_mux_8_OUT>
    Found 32-bit comparator lessequal for signal <n0000> created at line 156
    Found 32-bit comparator lessequal for signal <n0002> created at line 156
    Summary:
	inferred   2 RAM(s).
	inferred   1 Adder/Subtractor(s).
	inferred  35 D-type flip-flop(s).
	inferred   2 Comparator(s).
	inferred   3 Multiplexer(s).
Unit <TOP> synthesized.

Synthesizing Unit <MIPS>.
    Related source file is "C:\Users\junchao\Documents\GitHub\MIPS-processor\MIPS.vhd".
INFO:Xst:3210 - "C:\Users\junchao\Documents\GitHub\MIPS-processor\MIPS.vhd" line 175: Output port <InstrtoReg> of the instance <ControlUnit1> is unconnected or connected to loadless signal.
    Found 5-bit register for signal <ReadAddr1_Reg>.
    Found 5-bit register for signal <ReadAddr2_Reg>.
    Found 5-bit register for signal <WriteAddr_Reg>.
    Found 32-bit register for signal <WriteData_Reg>.
    Found 8-bit register for signal <ALU_Control>.
    Found 32-bit register for signal <ALU_InA>.
    Found 32-bit register for signal <ALU_InB>.
    Found 32-bit register for signal <Addr_Data>.
    Found 32-bit register for signal <Data_Out>.
    Found 32-bit register for signal <Addr_Instr>.
    Found 32-bit register for signal <PC_in>.
    Found 6-bit register for signal <opcode>.
    Found 32-bit adder for signal <n0060> created at line 244.
    Found 32-bit adder for signal <PC_out[31]_Instr[15]_add_4_OUT> created at line 251.
    Summary:
	inferred   2 Adder/Subtractor(s).
	inferred 253 D-type flip-flop(s).
	inferred   5 Multiplexer(s).
Unit <MIPS> synthesized.

Synthesizing Unit <PC>.
    Related source file is "C:\Users\junchao\Documents\GitHub\MIPS-processor\PC.vhd".
    Found 32-bit register for signal <PC_out>.
    Summary:
	inferred  32 D-type flip-flop(s).
Unit <PC> synthesized.

Synthesizing Unit <ALU>.
    Related source file is "C:\Users\junchao\Documents\GitHub\MIPS-processor\ALU.vhd".
    Found 32-bit adder for signal <AplusB> created at line 42.
    Found 32-bit subtractor for signal <AminusB> created at line 37.
    Found 32-bit 4-to-1 multiplexer for signal <ALU_Out> created at line 50.
    Summary:
	inferred   2 Adder/Subtractor(s).
	inferred   2 Multiplexer(s).
Unit <ALU> synthesized.

Synthesizing Unit <ControlUnit>.
    Related source file is "C:\Users\junchao\Documents\GitHub\MIPS-processor\ControlUnit.vhd".
    Found 64x11-bit Read Only RAM for signal <_n0076>
    Summary:
	inferred   1 RAM(s).
Unit <ControlUnit> synthesized.

Synthesizing Unit <RegFile>.
    Related source file is "C:\Users\junchao\Documents\GitHub\MIPS-processor\RegFile.vhd".
    Found 32x32-bit dual-port RAM <Mram_registers> for signal <registers>.
    Summary:
	inferred   2 RAM(s).
Unit <RegFile> synthesized.

=========================================================================
HDL Synthesis Report

Macro Statistics
# RAMs                                                 : 5
 256x32-bit single-port RAM                            : 1
 256x32-bit single-port Read Only RAM                  : 1
 32x32-bit dual-port RAM                               : 2
 64x11-bit single-port Read Only RAM                   : 1
# Adders/Subtractors                                   : 5
 26-bit adder                                          : 1
 32-bit adder                                          : 3
 32-bit subtractor                                     : 1
# Registers                                            : 23
 1-bit register                                        : 9
 26-bit register                                       : 1
 32-bit register                                       : 8
 5-bit register                                        : 3
 6-bit register                                        : 1
 8-bit register                                        : 1
# Comparators                                          : 2
 32-bit comparator lessequal                           : 2
# Multiplexers                                         : 10
 1-bit 2-to-1 multiplexer                              : 1
 32-bit 2-to-1 multiplexer                             : 7
 32-bit 4-to-1 multiplexer                             : 1
 5-bit 2-to-1 multiplexer                              : 1
# Xors                                                 : 3
 1-bit xor2                                            : 3

=========================================================================

=========================================================================
*                       Advanced HDL Synthesis                          *
=========================================================================

INFO:Xst:2261 - The FF/Latch <ALU_Control_4> in Unit <MIPS1> is equivalent to the following FF/Latch, which will be removed : <opcode_4> 
INFO:Xst:2261 - The FF/Latch <ALU_Control_0> in Unit <MIPS1> is equivalent to the following FF/Latch, which will be removed : <opcode_0> 
INFO:Xst:2261 - The FF/Latch <ALU_Control_5> in Unit <MIPS1> is equivalent to the following FF/Latch, which will be removed : <opcode_5> 
INFO:Xst:2261 - The FF/Latch <ALU_Control_1> in Unit <MIPS1> is equivalent to the following FF/Latch, which will be removed : <opcode_1> 
INFO:Xst:2261 - The FF/Latch <ALU_Control_2> in Unit <MIPS1> is equivalent to the following FF/Latch, which will be removed : <opcode_2> 
INFO:Xst:2261 - The FF/Latch <ALU_Control_3> in Unit <MIPS1> is equivalent to the following FF/Latch, which will be removed : <opcode_3> 

Synthesizing (advanced) Unit <ControlUnit>.
INFO:Xst:3231 - The small RAM <Mram__n0076> will be implemented on LUTs in order to maximize performance and save block RAM resources. If you want to force its implementation on block, use option/constraint ram_style.
    -----------------------------------------------------------------------
    | ram_type           | Distributed                         |          |
    -----------------------------------------------------------------------
    | Port A                                                              |
    |     aspect ratio   | 64-word x 11-bit                    |          |
    |     weA            | connected to signal <GND>           | high     |
    |     addrA          | connected to signal <opcode>        |          |
    |     diA            | connected to signal <GND>           |          |
    |     doA            | connected to internal node          |          |
    -----------------------------------------------------------------------
Unit <ControlUnit> synthesized (advanced).

Synthesizing (advanced) Unit <TOP>.
The following registers are absorbed into counter <CLK_DIV_PROCESS.clk_counter>: 1 register on signal <CLK_DIV_PROCESS.clk_counter>.
INFO:Xst:3225 - The RAM <Mram_DATA_MEM> will be implemented as BLOCK RAM
    -----------------------------------------------------------------------
    | ram_type           | Block                               |          |
    -----------------------------------------------------------------------
    | Port A                                                              |
    |     aspect ratio   | 256-word x 32-bit                   |          |
    |     mode           | read-first                          |          |
    |     clkA           | connected to signal <LED<15>>       | rise     |
    |     weA            | connected to internal node          | high     |
    |     addrA          | connected to signal <Addr_Data<9:2>> |          |
    |     diA            | connected to signal <Data_Out>      |          |
    -----------------------------------------------------------------------
    | optimization       | speed                               |          |
    -----------------------------------------------------------------------
    | Port B                                                              |
    |     aspect ratio   | 256-word x 32-bit                   |          |
    |     mode           | read-first                          |          |
    |     clkB           | connected to signal <LED<15>>       | rise     |
    |     addrB          | connected to signal <MIPS1/ALU_Out<9:2>> |          |
    |     doB            | connected to internal node          |          |
    -----------------------------------------------------------------------
    | optimization       | speed                               |          |
    -----------------------------------------------------------------------
INFO:Xst:3226 - The RAM <MIPS1/RegFile1/Mram_registers1> will be implemented as a BLOCK RAM, absorbing the following register(s): <MIPS1/ReadAddr2_Reg>
    -----------------------------------------------------------------------
    | ram_type           | Block                               |          |
    -----------------------------------------------------------------------
    | Port A                                                              |
    |     aspect ratio   | 32-word x 32-bit                    |          |
    |     mode           | read-first                          |          |
    |     clkA           | connected to signal <LED<15>>       | rise     |
    |     weA            | connected to internal node          | high     |
    |     addrA          | connected to signal <MIPS1/WriteAddr_Reg> |          |
    |     diA            | connected to signal <MIPS1/WriteData_Reg> |          |
    -----------------------------------------------------------------------
    | optimization       | speed                               |          |
    -----------------------------------------------------------------------
    | Port B                                                              |
    |     aspect ratio   | 32-word x 32-bit                    |          |
    |     mode           | read-first                          |          |
    |     clkB           | connected to signal <LED<15>>       | rise     |
    |     addrB          | connected to signal <Instr<20:16>>  |          |
    |     doB            | connected to signal <MIPS1/ReadData2_Reg> |          |
    -----------------------------------------------------------------------
    | optimization       | speed                               |          |
    -----------------------------------------------------------------------
INFO:Xst:3226 - The RAM <MIPS1/RegFile1/Mram_registers> will be implemented as a BLOCK RAM, absorbing the following register(s): <MIPS1/ALU_InA>
    -----------------------------------------------------------------------
    | ram_type           | Block                               |          |
    -----------------------------------------------------------------------
    | Port A                                                              |
    |     aspect ratio   | 32-word x 32-bit                    |          |
    |     mode           | read-first                          |          |
    |     clkA           | connected to signal <LED<15>>       | rise     |
    |     weA            | connected to internal node          | high     |
    |     addrA          | connected to signal <MIPS1/WriteAddr_Reg> |          |
    |     diA            | connected to signal <MIPS1/WriteData_Reg> |          |
    -----------------------------------------------------------------------
    | optimization       | speed                               |          |
    -----------------------------------------------------------------------
    | Port B                                                              |
    |     aspect ratio   | 32-word x 32-bit                    |          |
    |     mode           | read-first                          |          |
    |     clkB           | connected to signal <LED<15>>       | rise     |
    |     addrB          | connected to signal <MIPS1/ReadAddr1_Reg> |          |
    |     doB            | connected to signal <MIPS1/ALU_InA> |          |
    -----------------------------------------------------------------------
    | optimization       | speed                               |          |
    -----------------------------------------------------------------------
INFO:Xst:3226 - The RAM <Mram_Addr_Instr[9]_GND_5_o_wide_mux_8_OUT> will be implemented as a BLOCK RAM, absorbing the following register(s): <MIPS1/Addr_Instr>
    -----------------------------------------------------------------------
    | ram_type           | Block                               |          |
    -----------------------------------------------------------------------
    | Port A                                                              |
    |     aspect ratio   | 256-word x 32-bit                   |          |
    |     mode           | write-first                         |          |
    |     clkA           | connected to signal <LED<15>>       | rise     |
    |     weA            | connected to signal <GND>           | high     |
    |     addrA          | connected to signal <MIPS1/PC_out<9:2>> |          |
    |     diA            | connected to signal <GND>           |          |
    |     doA            | connected to internal node          |          |
    -----------------------------------------------------------------------
    | optimization       | speed                               |          |
    -----------------------------------------------------------------------
Unit <TOP> synthesized (advanced).
WARNING:Xst:2677 - Node <MIPS1/Addr_Instr_8> of sequential type is unconnected in block <TOP>.
WARNING:Xst:2677 - Node <MIPS1/Addr_Instr_9> of sequential type is unconnected in block <TOP>.

=========================================================================
Advanced HDL Synthesis Report

Macro Statistics
# RAMs                                                 : 5
 256x32-bit dual-port block RAM                        : 1
 256x32-bit single-port block Read Only RAM            : 1
 32x32-bit dual-port block RAM                         : 2
 64x11-bit single-port distributed Read Only RAM       : 1
# Adders/Subtractors                                   : 5
 26-bit adder                                          : 1
 32-bit adder                                          : 3
 32-bit subtractor                                     : 1
# Counters                                             : 1
 26-bit up counter                                     : 1
# Registers                                            : 255
 Flip-Flops                                            : 255
# Comparators                                          : 2
 32-bit comparator lessequal                           : 2
# Multiplexers                                         : 10
 1-bit 2-to-1 multiplexer                              : 1
 32-bit 2-to-1 multiplexer                             : 7
 32-bit 4-to-1 multiplexer                             : 1
 5-bit 2-to-1 multiplexer                              : 1
# Xors                                                 : 3
 1-bit xor2                                            : 3

=========================================================================

=========================================================================
*                         Low Level Synthesis                           *
=========================================================================
INFO:Xst:2261 - The FF/Latch <MIPS1/opcode_4> in Unit <TOP> is equivalent to the following FF/Latch, which will be removed : <MIPS1/ALU_Control_4> 
INFO:Xst:2261 - The FF/Latch <MIPS1/opcode_0> in Unit <TOP> is equivalent to the following FF/Latch, which will be removed : <MIPS1/ALU_Control_0> 
INFO:Xst:2261 - The FF/Latch <MIPS1/opcode_5> in Unit <TOP> is equivalent to the following FF/Latch, which will be removed : <MIPS1/ALU_Control_5> 
INFO:Xst:2261 - The FF/Latch <MIPS1/opcode_1> in Unit <TOP> is equivalent to the following FF/Latch, which will be removed : <MIPS1/ALU_Control_1> 
INFO:Xst:2261 - The FF/Latch <MIPS1/opcode_2> in Unit <TOP> is equivalent to the following FF/Latch, which will be removed : <MIPS1/ALU_Control_2> 
INFO:Xst:2261 - The FF/Latch <MIPS1/opcode_3> in Unit <TOP> is equivalent to the following FF/Latch, which will be removed : <MIPS1/ALU_Control_3> 

Optimizing unit <PC> ...

Optimizing unit <TOP> ...

Optimizing unit <ALU> ...
WARNING:Xst:1710 - FF/Latch <MIPS1/PC_in_0> (without init value) has a constant value of 0 in block <TOP>. This FF/Latch will be trimmed during the optimization process.
WARNING:Xst:1710 - FF/Latch <MIPS1/PC_in_1> (without init value) has a constant value of 0 in block <TOP>. This FF/Latch will be trimmed during the optimization process.
WARNING:Xst:1896 - Due to other FF/Latch trimming, FF/Latch <MIPS1/PC1/PC_out_1> has a constant value of 0 in block <TOP>. This FF/Latch will be trimmed during the optimization process.
WARNING:Xst:1896 - Due to other FF/Latch trimming, FF/Latch <MIPS1/PC1/PC_out_0> has a constant value of 0 in block <TOP>. This FF/Latch will be trimmed during the optimization process.
WARNING:Xst:1895 - Due to other FF/Latch trimming, FF/Latch <MIPS1/Addr_Instr_0> (without init value) has a constant value of 0 in block <TOP>. This FF/Latch will be trimmed during the optimization process.
WARNING:Xst:1895 - Due to other FF/Latch trimming, FF/Latch <MIPS1/Addr_Instr_1> (without init value) has a constant value of 0 in block <TOP>. This FF/Latch will be trimmed during the optimization process.

Mapping all equations...
Building and optimizing final netlist ...
Found area constraint ratio of 100 (+ 5) on block TOP, actual ratio is 0.

Final Macro Processing ...

=========================================================================
Final Register Report

Macro Statistics
# Registers                                            : 269
 Flip-Flops                                            : 269

=========================================================================

=========================================================================
*                           Partition Report                            *
=========================================================================

Partition Implementation Status
-------------------------------

  No Partitions were found in this design.

-------------------------------

=========================================================================
*                            Design Summary                             *
=========================================================================

Top Level Output File Name         : TOP.ngc

Primitive and Black Box Usage:
------------------------------
# BELS                             : 801
#      GND                         : 1
#      INV                         : 3
#      LUT1                        : 79
#      LUT2                        : 66
#      LUT3                        : 23
#      LUT4                        : 86
#      LUT5                        : 42
#      LUT6                        : 171
#      MUXCY                       : 177
#      MUXF7                       : 1
#      VCC                         : 1
#      XORCY                       : 151
# FlipFlops/Latches                : 269
#      FD                          : 231
#      FDE                         : 8
#      FDR                         : 29
#      FDS                         : 1
# RAMS                             : 4
#      RAMB18E1                    : 4
# Clock Buffers                    : 2
#      BUFG                        : 1
#      BUFGP                       : 1
# IO Buffers                       : 33
#      IBUF                        : 17
#      OBUF                        : 16

Device utilization summary:
---------------------------

Selected Device : 7a100tcsg324-1 


Slice Logic Utilization: 
 Number of Slice Registers:             269  out of  126800     0%  
 Number of Slice LUTs:                  470  out of  63400     0%  
    Number used as Logic:               470  out of  63400     0%  

Slice Logic Distribution: 
 Number of LUT Flip Flop pairs used:    568
   Number with an unused Flip Flop:     299  out of    568    52%  
   Number with an unused LUT:            98  out of    568    17%  
   Number of fully used LUT-FF pairs:   171  out of    568    30%  
   Number of unique control sets:         4

IO Utilization: 
 Number of IOs:                          34
 Number of bonded IOBs:                  34  out of    210    16%  

Specific Feature Utilization:
 Number of Block RAM/FIFO:                2  out of    135     1%  
    Number using Block RAM only:          2
 Number of BUFG/BUFGCTRLs:                2  out of     32     6%  

---------------------------
Partition Resource Summary:
---------------------------

  No Partitions were found in this design.

---------------------------


=========================================================================
Timing Report

NOTE: THESE TIMING NUMBERS ARE ONLY A SYNTHESIS ESTIMATE.
      FOR ACCURATE TIMING INFORMATION PLEASE REFER TO THE TRACE REPORT
      GENERATED AFTER PLACE-and-ROUTE.

Clock Information:
------------------
-----------------------------------+------------------------+-------+
Clock Signal                       | Clock buffer(FF name)  | Load  |
-----------------------------------+------------------------+-------+
CLK_undiv                          | BUFGP                  | 27    |
CLK                                | BUFG                   | 246   |
-----------------------------------+------------------------+-------+

Asynchronous Control Signals Information:
----------------------------------------
-----------------------------------+-------------------------------------------------+-------+
Control Signal                     | Buffer(FF name)                                 | Load  |
-----------------------------------+-------------------------------------------------+-------+
MIPS1/PC_in<0>(XST_GND:G)          | NONE(Mram_Addr_Instr[9]_GND_5_o_wide_mux_8_OUT1)| 2     |
-----------------------------------+-------------------------------------------------+-------+

Timing Summary:
---------------
Speed Grade: -1

   Minimum period: 7.121ns (Maximum Frequency: 140.423MHz)
   Minimum input arrival time before clock: 1.094ns
   Maximum output required time after clock: 0.883ns
   Maximum combinational path delay: No path found

Timing Details:
---------------
All values displayed in nanoseconds (ns)

=========================================================================
Timing constraint: Default period analysis for Clock 'CLK_undiv'
  Clock period: 2.743ns (frequency: 364.564MHz)
  Total number of paths / destination ports: 377 / 27
-------------------------------------------------------------------------
Delay:               2.743ns (Levels of Logic = 27)
  Source:            CLK_DIV_PROCESS.clk_counter_0 (FF)
  Destination:       CLK (FF)
  Source Clock:      CLK_undiv rising
  Destination Clock: CLK_undiv rising

  Data Path: CLK_DIV_PROCESS.clk_counter_0 to CLK
                                Gate     Net
    Cell:in->out      fanout   Delay   Delay  Logical Name (Net Name)
    ----------------------------------------  ------------
     FD:C->Q               2   0.478   0.405  CLK_DIV_PROCESS.clk_counter_0 (CLK_DIV_PROCESS.clk_counter_0)
     INV:I->O              1   0.146   0.000  Madd_CLK_DIV_PROCESS.clk_counter[25]_GND_5_o_add_12_OUT_lut<0>_INV_0 (Madd_CLK_DIV_PROCESS.clk_counter[25]_GND_5_o_add_12_OUT_lut<0>)
     MUXCY:S->O            1   0.472   0.000  Madd_CLK_DIV_PROCESS.clk_counter[25]_GND_5_o_add_12_OUT_cy<0> (Madd_CLK_DIV_PROCESS.clk_counter[25]_GND_5_o_add_12_OUT_cy<0>)
     MUXCY:CI->O           1   0.029   0.000  Madd_CLK_DIV_PROCESS.clk_counter[25]_GND_5_o_add_12_OUT_cy<1> (Madd_CLK_DIV_PROCESS.clk_counter[25]_GND_5_o_add_12_OUT_cy<1>)
     MUXCY:CI->O           1   0.029   0.000  Madd_CLK_DIV_PROCESS.clk_counter[25]_GND_5_o_add_12_OUT_cy<2> (Madd_CLK_DIV_PROCESS.clk_counter[25]_GND_5_o_add_12_OUT_cy<2>)
     MUXCY:CI->O           1   0.029   0.000  Madd_CLK_DIV_PROCESS.clk_counter[25]_GND_5_o_add_12_OUT_cy<3> (Madd_CLK_DIV_PROCESS.clk_counter[25]_GND_5_o_add_12_OUT_cy<3>)
     MUXCY:CI->O           1   0.029   0.000  Madd_CLK_DIV_PROCESS.clk_counter[25]_GND_5_o_add_12_OUT_cy<4> (Madd_CLK_DIV_PROCESS.clk_counter[25]_GND_5_o_add_12_OUT_cy<4>)
     MUXCY:CI->O           1   0.029   0.000  Madd_CLK_DIV_PROCESS.clk_counter[25]_GND_5_o_add_12_OUT_cy<5> (Madd_CLK_DIV_PROCESS.clk_counter[25]_GND_5_o_add_12_OUT_cy<5>)
     MUXCY:CI->O           1   0.029   0.000  Madd_CLK_DIV_PROCESS.clk_counter[25]_GND_5_o_add_12_OUT_cy<6> (Madd_CLK_DIV_PROCESS.clk_counter[25]_GND_5_o_add_12_OUT_cy<6>)
     MUXCY:CI->O           1   0.029   0.000  Madd_CLK_DIV_PROCESS.clk_counter[25]_GND_5_o_add_12_OUT_cy<7> (Madd_CLK_DIV_PROCESS.clk_counter[25]_GND_5_o_add_12_OUT_cy<7>)
     MUXCY:CI->O           1   0.029   0.000  Madd_CLK_DIV_PROCESS.clk_counter[25]_GND_5_o_add_12_OUT_cy<8> (Madd_CLK_DIV_PROCESS.clk_counter[25]_GND_5_o_add_12_OUT_cy<8>)
     MUXCY:CI->O           1   0.029   0.000  Madd_CLK_DIV_PROCESS.clk_counter[25]_GND_5_o_add_12_OUT_cy<9> (Madd_CLK_DIV_PROCESS.clk_counter[25]_GND_5_o_add_12_OUT_cy<9>)
     MUXCY:CI->O           1   0.029   0.000  Madd_CLK_DIV_PROCESS.clk_counter[25]_GND_5_o_add_12_OUT_cy<10> (Madd_CLK_DIV_PROCESS.clk_counter[25]_GND_5_o_add_12_OUT_cy<10>)
     MUXCY:CI->O           1   0.029   0.000  Madd_CLK_DIV_PROCESS.clk_counter[25]_GND_5_o_add_12_OUT_cy<11> (Madd_CLK_DIV_PROCESS.clk_counter[25]_GND_5_o_add_12_OUT_cy<11>)
     MUXCY:CI->O           1   0.029   0.000  Madd_CLK_DIV_PROCESS.clk_counter[25]_GND_5_o_add_12_OUT_cy<12> (Madd_CLK_DIV_PROCESS.clk_counter[25]_GND_5_o_add_12_OUT_cy<12>)
     MUXCY:CI->O           1   0.029   0.000  Madd_CLK_DIV_PROCESS.clk_counter[25]_GND_5_o_add_12_OUT_cy<13> (Madd_CLK_DIV_PROCESS.clk_counter[25]_GND_5_o_add_12_OUT_cy<13>)
     MUXCY:CI->O           1   0.029   0.000  Madd_CLK_DIV_PROCESS.clk_counter[25]_GND_5_o_add_12_OUT_cy<14> (Madd_CLK_DIV_PROCESS.clk_counter[25]_GND_5_o_add_12_OUT_cy<14>)
     MUXCY:CI->O           1   0.029   0.000  Madd_CLK_DIV_PROCESS.clk_counter[25]_GND_5_o_add_12_OUT_cy<15> (Madd_CLK_DIV_PROCESS.clk_counter[25]_GND_5_o_add_12_OUT_cy<15>)
     MUXCY:CI->O           1   0.029   0.000  Madd_CLK_DIV_PROCESS.clk_counter[25]_GND_5_o_add_12_OUT_cy<16> (Madd_CLK_DIV_PROCESS.clk_counter[25]_GND_5_o_add_12_OUT_cy<16>)
     MUXCY:CI->O           1   0.029   0.000  Madd_CLK_DIV_PROCESS.clk_counter[25]_GND_5_o_add_12_OUT_cy<17> (Madd_CLK_DIV_PROCESS.clk_counter[25]_GND_5_o_add_12_OUT_cy<17>)
     MUXCY:CI->O           1   0.029   0.000  Madd_CLK_DIV_PROCESS.clk_counter[25]_GND_5_o_add_12_OUT_cy<18> (Madd_CLK_DIV_PROCESS.clk_counter[25]_GND_5_o_add_12_OUT_cy<18>)
     MUXCY:CI->O           1   0.029   0.000  Madd_CLK_DIV_PROCESS.clk_counter[25]_GND_5_o_add_12_OUT_cy<19> (Madd_CLK_DIV_PROCESS.clk_counter[25]_GND_5_o_add_12_OUT_cy<19>)
     MUXCY:CI->O           1   0.029   0.000  Madd_CLK_DIV_PROCESS.clk_counter[25]_GND_5_o_add_12_OUT_cy<20> (Madd_CLK_DIV_PROCESS.clk_counter[25]_GND_5_o_add_12_OUT_cy<20>)
     MUXCY:CI->O           1   0.029   0.000  Madd_CLK_DIV_PROCESS.clk_counter[25]_GND_5_o_add_12_OUT_cy<21> (Madd_CLK_DIV_PROCESS.clk_counter[25]_GND_5_o_add_12_OUT_cy<21>)
     MUXCY:CI->O           1   0.029   0.000  Madd_CLK_DIV_PROCESS.clk_counter[25]_GND_5_o_add_12_OUT_cy<22> (Madd_CLK_DIV_PROCESS.clk_counter[25]_GND_5_o_add_12_OUT_cy<22>)
     MUXCY:CI->O           1   0.029   0.000  Madd_CLK_DIV_PROCESS.clk_counter[25]_GND_5_o_add_12_OUT_cy<23> (Madd_CLK_DIV_PROCESS.clk_counter[25]_GND_5_o_add_12_OUT_cy<23>)
     MUXCY:CI->O           0   0.029   0.000  Madd_CLK_DIV_PROCESS.clk_counter[25]_GND_5_o_add_12_OUT_cy<24> (Madd_CLK_DIV_PROCESS.clk_counter[25]_GND_5_o_add_12_OUT_cy<24>)
     XORCY:CI->O           1   0.510   0.000  Madd_CLK_DIV_PROCESS.clk_counter[25]_GND_5_o_add_12_OUT_xor<25> (CLK_DIV_PROCESS.clk_counter[25]_GND_5_o_add_12_OUT<25>)
     FD:D                      0.030          CLK
    ----------------------------------------
    Total                      2.743ns (2.338ns logic, 0.405ns route)
                                       (85.2% logic, 14.8% route)

=========================================================================
Timing constraint: Default period analysis for Clock 'CLK'
  Clock period: 7.121ns (frequency: 140.423MHz)
  Total number of paths / destination ports: 85978 / 410
-------------------------------------------------------------------------
Delay:               7.121ns (Levels of Logic = 23)
  Source:            MIPS1/RegFile1/Mram_registers (RAM)
  Destination:       MIPS1/PC_in_2 (FF)
  Source Clock:      CLK rising
  Destination Clock: CLK rising

  Data Path: MIPS1/RegFile1/Mram_registers to MIPS1/PC_in_2
                                Gate     Net
    Cell:in->out      fanout   Delay   Delay  Logical Name (Net Name)
    ----------------------------------------  ------------
     RAMB18E1:CLKARDCLK->DOADO0    5   2.454   0.448  MIPS1/RegFile1/Mram_registers (MIPS1/ALU_InA<0>)
     LUT2:I1->O            1   0.124   0.000  MIPS1/ALU1/Msub_AminusB_lut<0> (MIPS1/ALU1/Msub_AminusB_lut<0>)
     MUXCY:S->O            1   0.472   0.000  MIPS1/ALU1/Msub_AminusB_cy<0> (MIPS1/ALU1/Msub_AminusB_cy<0>)
     MUXCY:CI->O           1   0.029   0.000  MIPS1/ALU1/Msub_AminusB_cy<1> (MIPS1/ALU1/Msub_AminusB_cy<1>)
     MUXCY:CI->O           1   0.029   0.000  MIPS1/ALU1/Msub_AminusB_cy<2> (MIPS1/ALU1/Msub_AminusB_cy<2>)
     MUXCY:CI->O           1   0.029   0.000  MIPS1/ALU1/Msub_AminusB_cy<3> (MIPS1/ALU1/Msub_AminusB_cy<3>)
     MUXCY:CI->O           1   0.029   0.000  MIPS1/ALU1/Msub_AminusB_cy<4> (MIPS1/ALU1/Msub_AminusB_cy<4>)
     MUXCY:CI->O           1   0.029   0.000  MIPS1/ALU1/Msub_AminusB_cy<5> (MIPS1/ALU1/Msub_AminusB_cy<5>)
     MUXCY:CI->O           1   0.029   0.000  MIPS1/ALU1/Msub_AminusB_cy<6> (MIPS1/ALU1/Msub_AminusB_cy<6>)
     MUXCY:CI->O           1   0.029   0.000  MIPS1/ALU1/Msub_AminusB_cy<7> (MIPS1/ALU1/Msub_AminusB_cy<7>)
     MUXCY:CI->O           1   0.029   0.000  MIPS1/ALU1/Msub_AminusB_cy<8> (MIPS1/ALU1/Msub_AminusB_cy<8>)
     MUXCY:CI->O           1   0.029   0.000  MIPS1/ALU1/Msub_AminusB_cy<9> (MIPS1/ALU1/Msub_AminusB_cy<9>)
     MUXCY:CI->O           1   0.029   0.000  MIPS1/ALU1/Msub_AminusB_cy<10> (MIPS1/ALU1/Msub_AminusB_cy<10>)
     MUXCY:CI->O           1   0.029   0.000  MIPS1/ALU1/Msub_AminusB_cy<11> (MIPS1/ALU1/Msub_AminusB_cy<11>)
     MUXCY:CI->O           1   0.029   0.000  MIPS1/ALU1/Msub_AminusB_cy<12> (MIPS1/ALU1/Msub_AminusB_cy<12>)
     MUXCY:CI->O           1   0.029   0.000  MIPS1/ALU1/Msub_AminusB_cy<13> (MIPS1/ALU1/Msub_AminusB_cy<13>)
     MUXCY:CI->O           1   0.029   0.000  MIPS1/ALU1/Msub_AminusB_cy<14> (MIPS1/ALU1/Msub_AminusB_cy<14>)
     MUXCY:CI->O           1   0.029   0.000  MIPS1/ALU1/Msub_AminusB_cy<15> (MIPS1/ALU1/Msub_AminusB_cy<15>)
     MUXCY:CI->O           1   0.029   0.000  MIPS1/ALU1/Msub_AminusB_cy<16> (MIPS1/ALU1/Msub_AminusB_cy<16>)
     MUXCY:CI->O           1   0.029   0.000  MIPS1/ALU1/Msub_AminusB_cy<17> (MIPS1/ALU1/Msub_AminusB_cy<17>)
     XORCY:CI->O           2   0.510   0.722  MIPS1/ALU1/Msub_AminusB_xor<18> (MIPS1/ALU1/AminusB<18>)
     LUT6:I3->O            1   0.124   0.919  MIPS1/Branch_ALU_zero_AND_43_o7 (MIPS1/Branch_ALU_zero_AND_43_o7)
     LUT6:I1->O           30   0.124   0.573  MIPS1/Branch_ALU_zero_AND_43_o9 (MIPS1/Branch_ALU_zero_AND_43_o)
     LUT4:I3->O            1   0.124   0.000  MIPS1/Mmux_PC_out[31]_PC_out[31]_mux_6_OUT251 (MIPS1/PC_out[31]_PC_out[31]_mux_6_OUT<31>)
     FD:D                      0.030          MIPS1/PC_in_31
    ----------------------------------------
    Total                      7.121ns (4.459ns logic, 2.662ns route)
                                       (62.6% logic, 37.4% route)

=========================================================================
Timing constraint: Default OFFSET IN BEFORE for Clock 'CLK'
  Total number of paths / destination ports: 46 / 46
-------------------------------------------------------------------------
Offset:              1.094ns (Levels of Logic = 2)
  Source:            DIP<0> (PAD)
  Destination:       MIPS1/WriteData_Reg_0 (FF)
  Destination Clock: CLK rising

  Data Path: DIP<0> to MIPS1/WriteData_Reg_0
                                Gate     Net
    Cell:in->out      fanout   Delay   Delay  Logical Name (Net Name)
    ----------------------------------------  ------------
     IBUF:I->O             1   0.001   0.939  DIP_0_IBUF (DIP_0_IBUF)
     LUT6:I0->O            1   0.124   0.000  MIPS1/Mmux_ALU_Out[31]_Data_In[31]_mux_1_OUT11 (MIPS1/ALU_Out[31]_Data_In[31]_mux_1_OUT<0>)
     FD:D                      0.030          MIPS1/WriteData_Reg_0
    ----------------------------------------
    Total                      1.094ns (0.155ns logic, 0.939ns route)
                                       (14.2% logic, 85.8% route)

=========================================================================
Timing constraint: Default OFFSET OUT AFTER for Clock 'CLK_undiv'
  Total number of paths / destination ports: 1 / 1
-------------------------------------------------------------------------
Offset:              0.877ns (Levels of Logic = 1)
  Source:            CLK (FF)
  Destination:       LED<15> (PAD)
  Source Clock:      CLK_undiv rising

  Data Path: CLK to LED<15>
                                Gate     Net
    Cell:in->out      fanout   Delay   Delay  Logical Name (Net Name)
    ----------------------------------------  ------------
     FD:C->Q               1   0.478   0.399  CLK (CLK)
     OBUF:I->O                 0.000          LED_15_OBUF (LED<15>)
    ----------------------------------------
    Total                      0.877ns (0.478ns logic, 0.399ns route)
                                       (54.5% logic, 45.5% route)

=========================================================================
Timing constraint: Default OFFSET OUT AFTER for Clock 'CLK'
  Total number of paths / destination ports: 15 / 15
-------------------------------------------------------------------------
Offset:              0.883ns (Levels of Logic = 1)
  Source:            MIPS1/Addr_Instr_22 (FF)
  Destination:       LED<14> (PAD)
  Source Clock:      CLK rising

  Data Path: MIPS1/Addr_Instr_22 to LED<14>
                                Gate     Net
    Cell:in->out      fanout   Delay   Delay  Logical Name (Net Name)
    ----------------------------------------  ------------
     FD:C->Q               2   0.478   0.405  MIPS1/Addr_Instr_22 (MIPS1/Addr_Instr_22)
     OBUF:I->O                 0.000          LED_14_OBUF (LED<14>)
    ----------------------------------------
    Total                      0.883ns (0.478ns logic, 0.405ns route)
                                       (54.1% logic, 45.9% route)

=========================================================================

Cross Clock Domains Report:
--------------------------

Clock to Setup on destination clock CLK
---------------+---------+---------+---------+---------+
               | Src:Rise| Src:Fall| Src:Rise| Src:Fall|
Source Clock   |Dest:Rise|Dest:Rise|Dest:Fall|Dest:Fall|
---------------+---------+---------+---------+---------+
CLK            |    7.121|         |         |         |
---------------+---------+---------+---------+---------+

Clock to Setup on destination clock CLK_undiv
---------------+---------+---------+---------+---------+
               | Src:Rise| Src:Fall| Src:Rise| Src:Fall|
Source Clock   |Dest:Rise|Dest:Rise|Dest:Fall|Dest:Fall|
---------------+---------+---------+---------+---------+
CLK_undiv      |    2.743|         |         |         |
---------------+---------+---------+---------+---------+

=========================================================================


Total REAL time to Xst completion: 13.00 secs
Total CPU time to Xst completion: 13.30 secs
 
--> 

Total memory usage is 458780 kilobytes

Number of errors   :    0 (   0 filtered)
Number of warnings :    8 (   0 filtered)
Number of infos    :   18 (   0 filtered)

