--------------------------------------------------------------------------------
Release 14.7 Trace  (nt64)
Copyright (c) 1995-2013 Xilinx, Inc.  All rights reserved.

D:\Xlinx\14.7\ISE_DS\ISE\bin\nt64\unwrapped\trce.exe -intstyle ise -v 3 -s 1 -n
3 -fastpaths -xml TOP.twx TOP.ncd -o TOP.twr TOP.pcf -ucf TOP.ucf

Design file:              TOP.ncd
Physical constraint file: TOP.pcf
Device,package,speed:     xc7a100t,csg324,C,-1 (PRODUCTION 1.10 2013-10-13)
Report level:             verbose report

Environment Variable      Effect 
--------------------      ------ 
NONE                      No environment variables were set
--------------------------------------------------------------------------------

INFO:Timing:3412 - To improve timing, see the Timing Closure User Guide (UG612).
INFO:Timing:2752 - To get complete path coverage, use the unconstrained paths 
   option. All paths that are not constrained will be reported in the 
   unconstrained paths section(s) of the report.
INFO:Timing:3339 - The clock-to-out numbers in this timing report are based on 
   a 50 Ohm transmission line loading model.  For the details of this model, 
   and for more information on accounting for different loading conditions, 
   please see the device datasheet.

================================================================================
Timing constraint: TS_sys_clk_pin = PERIOD TIMEGRP "sys_clk_pin" 100 MHz HIGH 
50%;
For more information, see Period Analysis in the Timing Closure User Guide (UG612).

 377 paths analyzed, 88 endpoints analyzed, 0 failing endpoints
 0 timing errors detected. (0 setup errors, 0 hold errors, 0 component switching limit errors)
 Minimum period is   2.696ns.
--------------------------------------------------------------------------------

Paths for end point CLK_DIV_PROCESS.clk_counter_25 (SLICE_X50Y97.CIN), 24 paths
--------------------------------------------------------------------------------
Slack (setup path):     7.304ns (requirement - (data path - clock path skew + uncertainty))
  Source:               CLK_DIV_PROCESS.clk_counter_1 (FF)
  Destination:          CLK_DIV_PROCESS.clk_counter_25 (FF)
  Requirement:          10.000ns
  Data Path Delay:      2.638ns (Levels of Logic = 7)
  Clock Path Skew:      -0.023ns (0.171 - 0.194)
  Source Clock:         CLK_undiv_BUFGP rising at 0.000ns
  Destination Clock:    CLK_undiv_BUFGP rising at 10.000ns
  Clock Uncertainty:    0.035ns

  Clock Uncertainty:          0.035ns  ((TSJ^2 + TIJ^2)^1/2 + DJ) / 2 + PE
    Total System Jitter (TSJ):  0.070ns
    Total Input Jitter (TIJ):   0.000ns
    Discrete Jitter (DJ):       0.000ns
    Phase Error (PE):           0.000ns

  Maximum Data Path at Slow Process Corner: CLK_DIV_PROCESS.clk_counter_1 to CLK_DIV_PROCESS.clk_counter_25
    Location             Delay type         Delay(ns)  Physical Resource
                                                       Logical Resource(s)
    -------------------------------------------------  -------------------
    SLICE_X50Y91.BQ      Tcko                  0.518   CLK_DIV_PROCESS.clk_counter<3>
                                                       CLK_DIV_PROCESS.clk_counter_1
    SLICE_X50Y91.B2      net (fanout=2)        0.664   CLK_DIV_PROCESS.clk_counter<1>
    SLICE_X50Y91.COUT    Topcyb                0.657   CLK_DIV_PROCESS.clk_counter<3>
                                                       CLK_DIV_PROCESS.clk_counter<1>_rt.1
                                                       Mcount_CLK_DIV_PROCESS.clk_counter_cy<3>
    SLICE_X50Y92.CIN     net (fanout=1)        0.000   Mcount_CLK_DIV_PROCESS.clk_counter_cy<3>
    SLICE_X50Y92.COUT    Tbyp                  0.117   CLK_DIV_PROCESS.clk_counter<7>
                                                       Mcount_CLK_DIV_PROCESS.clk_counter_cy<7>
    SLICE_X50Y93.CIN     net (fanout=1)        0.000   Mcount_CLK_DIV_PROCESS.clk_counter_cy<7>
    SLICE_X50Y93.COUT    Tbyp                  0.117   CLK_DIV_PROCESS.clk_counter<11>
                                                       Mcount_CLK_DIV_PROCESS.clk_counter_cy<11>
    SLICE_X50Y94.CIN     net (fanout=1)        0.000   Mcount_CLK_DIV_PROCESS.clk_counter_cy<11>
    SLICE_X50Y94.COUT    Tbyp                  0.117   CLK_DIV_PROCESS.clk_counter<15>
                                                       Mcount_CLK_DIV_PROCESS.clk_counter_cy<15>
    SLICE_X50Y95.CIN     net (fanout=1)        0.000   Mcount_CLK_DIV_PROCESS.clk_counter_cy<15>
    SLICE_X50Y95.COUT    Tbyp                  0.117   CLK_DIV_PROCESS.clk_counter<19>
                                                       Mcount_CLK_DIV_PROCESS.clk_counter_cy<19>
    SLICE_X50Y96.CIN     net (fanout=1)        0.000   Mcount_CLK_DIV_PROCESS.clk_counter_cy<19>
    SLICE_X50Y96.COUT    Tbyp                  0.117   CLK_DIV_PROCESS.clk_counter<23>
                                                       Mcount_CLK_DIV_PROCESS.clk_counter_cy<23>
    SLICE_X50Y97.CIN     net (fanout=1)        0.000   Mcount_CLK_DIV_PROCESS.clk_counter_cy<23>
    SLICE_X50Y97.CLK     Tcinck                0.214   CLK_DIV_PROCESS.clk_counter<25>
                                                       Mcount_CLK_DIV_PROCESS.clk_counter_xor<25>
                                                       CLK_DIV_PROCESS.clk_counter_25
    -------------------------------------------------  ---------------------------
    Total                                      2.638ns (1.974ns logic, 0.664ns route)
                                                       (74.8% logic, 25.2% route)

--------------------------------------------------------------------------------
Slack (setup path):     7.421ns (requirement - (data path - clock path skew + uncertainty))
  Source:               CLK_DIV_PROCESS.clk_counter_5 (FF)
  Destination:          CLK_DIV_PROCESS.clk_counter_25 (FF)
  Requirement:          10.000ns
  Data Path Delay:      2.521ns (Levels of Logic = 6)
  Clock Path Skew:      -0.023ns (0.171 - 0.194)
  Source Clock:         CLK_undiv_BUFGP rising at 0.000ns
  Destination Clock:    CLK_undiv_BUFGP rising at 10.000ns
  Clock Uncertainty:    0.035ns

  Clock Uncertainty:          0.035ns  ((TSJ^2 + TIJ^2)^1/2 + DJ) / 2 + PE
    Total System Jitter (TSJ):  0.070ns
    Total Input Jitter (TIJ):   0.000ns
    Discrete Jitter (DJ):       0.000ns
    Phase Error (PE):           0.000ns

  Maximum Data Path at Slow Process Corner: CLK_DIV_PROCESS.clk_counter_5 to CLK_DIV_PROCESS.clk_counter_25
    Location             Delay type         Delay(ns)  Physical Resource
                                                       Logical Resource(s)
    -------------------------------------------------  -------------------
    SLICE_X50Y92.BQ      Tcko                  0.518   CLK_DIV_PROCESS.clk_counter<7>
                                                       CLK_DIV_PROCESS.clk_counter_5
    SLICE_X50Y92.B2      net (fanout=2)        0.664   CLK_DIV_PROCESS.clk_counter<5>
    SLICE_X50Y92.COUT    Topcyb                0.657   CLK_DIV_PROCESS.clk_counter<7>
                                                       CLK_DIV_PROCESS.clk_counter<5>_rt.1
                                                       Mcount_CLK_DIV_PROCESS.clk_counter_cy<7>
    SLICE_X50Y93.CIN     net (fanout=1)        0.000   Mcount_CLK_DIV_PROCESS.clk_counter_cy<7>
    SLICE_X50Y93.COUT    Tbyp                  0.117   CLK_DIV_PROCESS.clk_counter<11>
                                                       Mcount_CLK_DIV_PROCESS.clk_counter_cy<11>
    SLICE_X50Y94.CIN     net (fanout=1)        0.000   Mcount_CLK_DIV_PROCESS.clk_counter_cy<11>
    SLICE_X50Y94.COUT    Tbyp                  0.117   CLK_DIV_PROCESS.clk_counter<15>
                                                       Mcount_CLK_DIV_PROCESS.clk_counter_cy<15>
    SLICE_X50Y95.CIN     net (fanout=1)        0.000   Mcount_CLK_DIV_PROCESS.clk_counter_cy<15>
    SLICE_X50Y95.COUT    Tbyp                  0.117   CLK_DIV_PROCESS.clk_counter<19>
                                                       Mcount_CLK_DIV_PROCESS.clk_counter_cy<19>
    SLICE_X50Y96.CIN     net (fanout=1)        0.000   Mcount_CLK_DIV_PROCESS.clk_counter_cy<19>
    SLICE_X50Y96.COUT    Tbyp                  0.117   CLK_DIV_PROCESS.clk_counter<23>
                                                       Mcount_CLK_DIV_PROCESS.clk_counter_cy<23>
    SLICE_X50Y97.CIN     net (fanout=1)        0.000   Mcount_CLK_DIV_PROCESS.clk_counter_cy<23>
    SLICE_X50Y97.CLK     Tcinck                0.214   CLK_DIV_PROCESS.clk_counter<25>
                                                       Mcount_CLK_DIV_PROCESS.clk_counter_xor<25>
                                                       CLK_DIV_PROCESS.clk_counter_25
    -------------------------------------------------  ---------------------------
    Total                                      2.521ns (1.857ns logic, 0.664ns route)
                                                       (73.7% logic, 26.3% route)

--------------------------------------------------------------------------------
Slack (setup path):     7.455ns (requirement - (data path - clock path skew + uncertainty))
  Source:               CLK_DIV_PROCESS.clk_counter_2 (FF)
  Destination:          CLK_DIV_PROCESS.clk_counter_25 (FF)
  Requirement:          10.000ns
  Data Path Delay:      2.487ns (Levels of Logic = 7)
  Clock Path Skew:      -0.023ns (0.171 - 0.194)
  Source Clock:         CLK_undiv_BUFGP rising at 0.000ns
  Destination Clock:    CLK_undiv_BUFGP rising at 10.000ns
  Clock Uncertainty:    0.035ns

  Clock Uncertainty:          0.035ns  ((TSJ^2 + TIJ^2)^1/2 + DJ) / 2 + PE
    Total System Jitter (TSJ):  0.070ns
    Total Input Jitter (TIJ):   0.000ns
    Discrete Jitter (DJ):       0.000ns
    Phase Error (PE):           0.000ns

  Maximum Data Path at Slow Process Corner: CLK_DIV_PROCESS.clk_counter_2 to CLK_DIV_PROCESS.clk_counter_25
    Location             Delay type         Delay(ns)  Physical Resource
                                                       Logical Resource(s)
    -------------------------------------------------  -------------------
    SLICE_X50Y91.CQ      Tcko                  0.518   CLK_DIV_PROCESS.clk_counter<3>
                                                       CLK_DIV_PROCESS.clk_counter_2
    SLICE_X50Y91.C2      net (fanout=2)        0.666   CLK_DIV_PROCESS.clk_counter<2>
    SLICE_X50Y91.COUT    Topcyc                0.504   CLK_DIV_PROCESS.clk_counter<3>
                                                       CLK_DIV_PROCESS.clk_counter<2>_rt.1
                                                       Mcount_CLK_DIV_PROCESS.clk_counter_cy<3>
    SLICE_X50Y92.CIN     net (fanout=1)        0.000   Mcount_CLK_DIV_PROCESS.clk_counter_cy<3>
    SLICE_X50Y92.COUT    Tbyp                  0.117   CLK_DIV_PROCESS.clk_counter<7>
                                                       Mcount_CLK_DIV_PROCESS.clk_counter_cy<7>
    SLICE_X50Y93.CIN     net (fanout=1)        0.000   Mcount_CLK_DIV_PROCESS.clk_counter_cy<7>
    SLICE_X50Y93.COUT    Tbyp                  0.117   CLK_DIV_PROCESS.clk_counter<11>
                                                       Mcount_CLK_DIV_PROCESS.clk_counter_cy<11>
    SLICE_X50Y94.CIN     net (fanout=1)        0.000   Mcount_CLK_DIV_PROCESS.clk_counter_cy<11>
    SLICE_X50Y94.COUT    Tbyp                  0.117   CLK_DIV_PROCESS.clk_counter<15>
                                                       Mcount_CLK_DIV_PROCESS.clk_counter_cy<15>
    SLICE_X50Y95.CIN     net (fanout=1)        0.000   Mcount_CLK_DIV_PROCESS.clk_counter_cy<15>
    SLICE_X50Y95.COUT    Tbyp                  0.117   CLK_DIV_PROCESS.clk_counter<19>
                                                       Mcount_CLK_DIV_PROCESS.clk_counter_cy<19>
    SLICE_X50Y96.CIN     net (fanout=1)        0.000   Mcount_CLK_DIV_PROCESS.clk_counter_cy<19>
    SLICE_X50Y96.COUT    Tbyp                  0.117   CLK_DIV_PROCESS.clk_counter<23>
                                                       Mcount_CLK_DIV_PROCESS.clk_counter_cy<23>
    SLICE_X50Y97.CIN     net (fanout=1)        0.000   Mcount_CLK_DIV_PROCESS.clk_counter_cy<23>
    SLICE_X50Y97.CLK     Tcinck                0.214   CLK_DIV_PROCESS.clk_counter<25>
                                                       Mcount_CLK_DIV_PROCESS.clk_counter_xor<25>
                                                       CLK_DIV_PROCESS.clk_counter_25
    -------------------------------------------------  ---------------------------
    Total                                      2.487ns (1.821ns logic, 0.666ns route)
                                                       (73.2% logic, 26.8% route)

--------------------------------------------------------------------------------

Paths for end point CLK_DIV_PROCESS.clk_counter_24 (SLICE_X50Y97.CIN), 24 paths
--------------------------------------------------------------------------------
Slack (setup path):     7.409ns (requirement - (data path - clock path skew + uncertainty))
  Source:               CLK_DIV_PROCESS.clk_counter_1 (FF)
  Destination:          CLK_DIV_PROCESS.clk_counter_24 (FF)
  Requirement:          10.000ns
  Data Path Delay:      2.533ns (Levels of Logic = 7)
  Clock Path Skew:      -0.023ns (0.171 - 0.194)
  Source Clock:         CLK_undiv_BUFGP rising at 0.000ns
  Destination Clock:    CLK_undiv_BUFGP rising at 10.000ns
  Clock Uncertainty:    0.035ns

  Clock Uncertainty:          0.035ns  ((TSJ^2 + TIJ^2)^1/2 + DJ) / 2 + PE
    Total System Jitter (TSJ):  0.070ns
    Total Input Jitter (TIJ):   0.000ns
    Discrete Jitter (DJ):       0.000ns
    Phase Error (PE):           0.000ns

  Maximum Data Path at Slow Process Corner: CLK_DIV_PROCESS.clk_counter_1 to CLK_DIV_PROCESS.clk_counter_24
    Location             Delay type         Delay(ns)  Physical Resource
                                                       Logical Resource(s)
    -------------------------------------------------  -------------------
    SLICE_X50Y91.BQ      Tcko                  0.518   CLK_DIV_PROCESS.clk_counter<3>
                                                       CLK_DIV_PROCESS.clk_counter_1
    SLICE_X50Y91.B2      net (fanout=2)        0.664   CLK_DIV_PROCESS.clk_counter<1>
    SLICE_X50Y91.COUT    Topcyb                0.657   CLK_DIV_PROCESS.clk_counter<3>
                                                       CLK_DIV_PROCESS.clk_counter<1>_rt.1
                                                       Mcount_CLK_DIV_PROCESS.clk_counter_cy<3>
    SLICE_X50Y92.CIN     net (fanout=1)        0.000   Mcount_CLK_DIV_PROCESS.clk_counter_cy<3>
    SLICE_X50Y92.COUT    Tbyp                  0.117   CLK_DIV_PROCESS.clk_counter<7>
                                                       Mcount_CLK_DIV_PROCESS.clk_counter_cy<7>
    SLICE_X50Y93.CIN     net (fanout=1)        0.000   Mcount_CLK_DIV_PROCESS.clk_counter_cy<7>
    SLICE_X50Y93.COUT    Tbyp                  0.117   CLK_DIV_PROCESS.clk_counter<11>
                                                       Mcount_CLK_DIV_PROCESS.clk_counter_cy<11>
    SLICE_X50Y94.CIN     net (fanout=1)        0.000   Mcount_CLK_DIV_PROCESS.clk_counter_cy<11>
    SLICE_X50Y94.COUT    Tbyp                  0.117   CLK_DIV_PROCESS.clk_counter<15>
                                                       Mcount_CLK_DIV_PROCESS.clk_counter_cy<15>
    SLICE_X50Y95.CIN     net (fanout=1)        0.000   Mcount_CLK_DIV_PROCESS.clk_counter_cy<15>
    SLICE_X50Y95.COUT    Tbyp                  0.117   CLK_DIV_PROCESS.clk_counter<19>
                                                       Mcount_CLK_DIV_PROCESS.clk_counter_cy<19>
    SLICE_X50Y96.CIN     net (fanout=1)        0.000   Mcount_CLK_DIV_PROCESS.clk_counter_cy<19>
    SLICE_X50Y96.COUT    Tbyp                  0.117   CLK_DIV_PROCESS.clk_counter<23>
                                                       Mcount_CLK_DIV_PROCESS.clk_counter_cy<23>
    SLICE_X50Y97.CIN     net (fanout=1)        0.000   Mcount_CLK_DIV_PROCESS.clk_counter_cy<23>
    SLICE_X50Y97.CLK     Tcinck                0.109   CLK_DIV_PROCESS.clk_counter<25>
                                                       Mcount_CLK_DIV_PROCESS.clk_counter_xor<25>
                                                       CLK_DIV_PROCESS.clk_counter_24
    -------------------------------------------------  ---------------------------
    Total                                      2.533ns (1.869ns logic, 0.664ns route)
                                                       (73.8% logic, 26.2% route)

--------------------------------------------------------------------------------
Slack (setup path):     7.526ns (requirement - (data path - clock path skew + uncertainty))
  Source:               CLK_DIV_PROCESS.clk_counter_5 (FF)
  Destination:          CLK_DIV_PROCESS.clk_counter_24 (FF)
  Requirement:          10.000ns
  Data Path Delay:      2.416ns (Levels of Logic = 6)
  Clock Path Skew:      -0.023ns (0.171 - 0.194)
  Source Clock:         CLK_undiv_BUFGP rising at 0.000ns
  Destination Clock:    CLK_undiv_BUFGP rising at 10.000ns
  Clock Uncertainty:    0.035ns

  Clock Uncertainty:          0.035ns  ((TSJ^2 + TIJ^2)^1/2 + DJ) / 2 + PE
    Total System Jitter (TSJ):  0.070ns
    Total Input Jitter (TIJ):   0.000ns
    Discrete Jitter (DJ):       0.000ns
    Phase Error (PE):           0.000ns

  Maximum Data Path at Slow Process Corner: CLK_DIV_PROCESS.clk_counter_5 to CLK_DIV_PROCESS.clk_counter_24
    Location             Delay type         Delay(ns)  Physical Resource
                                                       Logical Resource(s)
    -------------------------------------------------  -------------------
    SLICE_X50Y92.BQ      Tcko                  0.518   CLK_DIV_PROCESS.clk_counter<7>
                                                       CLK_DIV_PROCESS.clk_counter_5
    SLICE_X50Y92.B2      net (fanout=2)        0.664   CLK_DIV_PROCESS.clk_counter<5>
    SLICE_X50Y92.COUT    Topcyb                0.657   CLK_DIV_PROCESS.clk_counter<7>
                                                       CLK_DIV_PROCESS.clk_counter<5>_rt.1
                                                       Mcount_CLK_DIV_PROCESS.clk_counter_cy<7>
    SLICE_X50Y93.CIN     net (fanout=1)        0.000   Mcount_CLK_DIV_PROCESS.clk_counter_cy<7>
    SLICE_X50Y93.COUT    Tbyp                  0.117   CLK_DIV_PROCESS.clk_counter<11>
                                                       Mcount_CLK_DIV_PROCESS.clk_counter_cy<11>
    SLICE_X50Y94.CIN     net (fanout=1)        0.000   Mcount_CLK_DIV_PROCESS.clk_counter_cy<11>
    SLICE_X50Y94.COUT    Tbyp                  0.117   CLK_DIV_PROCESS.clk_counter<15>
                                                       Mcount_CLK_DIV_PROCESS.clk_counter_cy<15>
    SLICE_X50Y95.CIN     net (fanout=1)        0.000   Mcount_CLK_DIV_PROCESS.clk_counter_cy<15>
    SLICE_X50Y95.COUT    Tbyp                  0.117   CLK_DIV_PROCESS.clk_counter<19>
                                                       Mcount_CLK_DIV_PROCESS.clk_counter_cy<19>
    SLICE_X50Y96.CIN     net (fanout=1)        0.000   Mcount_CLK_DIV_PROCESS.clk_counter_cy<19>
    SLICE_X50Y96.COUT    Tbyp                  0.117   CLK_DIV_PROCESS.clk_counter<23>
                                                       Mcount_CLK_DIV_PROCESS.clk_counter_cy<23>
    SLICE_X50Y97.CIN     net (fanout=1)        0.000   Mcount_CLK_DIV_PROCESS.clk_counter_cy<23>
    SLICE_X50Y97.CLK     Tcinck                0.109   CLK_DIV_PROCESS.clk_counter<25>
                                                       Mcount_CLK_DIV_PROCESS.clk_counter_xor<25>
                                                       CLK_DIV_PROCESS.clk_counter_24
    -------------------------------------------------  ---------------------------
    Total                                      2.416ns (1.752ns logic, 0.664ns route)
                                                       (72.5% logic, 27.5% route)

--------------------------------------------------------------------------------
Slack (setup path):     7.560ns (requirement - (data path - clock path skew + uncertainty))
  Source:               CLK_DIV_PROCESS.clk_counter_2 (FF)
  Destination:          CLK_DIV_PROCESS.clk_counter_24 (FF)
  Requirement:          10.000ns
  Data Path Delay:      2.382ns (Levels of Logic = 7)
  Clock Path Skew:      -0.023ns (0.171 - 0.194)
  Source Clock:         CLK_undiv_BUFGP rising at 0.000ns
  Destination Clock:    CLK_undiv_BUFGP rising at 10.000ns
  Clock Uncertainty:    0.035ns

  Clock Uncertainty:          0.035ns  ((TSJ^2 + TIJ^2)^1/2 + DJ) / 2 + PE
    Total System Jitter (TSJ):  0.070ns
    Total Input Jitter (TIJ):   0.000ns
    Discrete Jitter (DJ):       0.000ns
    Phase Error (PE):           0.000ns

  Maximum Data Path at Slow Process Corner: CLK_DIV_PROCESS.clk_counter_2 to CLK_DIV_PROCESS.clk_counter_24
    Location             Delay type         Delay(ns)  Physical Resource
                                                       Logical Resource(s)
    -------------------------------------------------  -------------------
    SLICE_X50Y91.CQ      Tcko                  0.518   CLK_DIV_PROCESS.clk_counter<3>
                                                       CLK_DIV_PROCESS.clk_counter_2
    SLICE_X50Y91.C2      net (fanout=2)        0.666   CLK_DIV_PROCESS.clk_counter<2>
    SLICE_X50Y91.COUT    Topcyc                0.504   CLK_DIV_PROCESS.clk_counter<3>
                                                       CLK_DIV_PROCESS.clk_counter<2>_rt.1
                                                       Mcount_CLK_DIV_PROCESS.clk_counter_cy<3>
    SLICE_X50Y92.CIN     net (fanout=1)        0.000   Mcount_CLK_DIV_PROCESS.clk_counter_cy<3>
    SLICE_X50Y92.COUT    Tbyp                  0.117   CLK_DIV_PROCESS.clk_counter<7>
                                                       Mcount_CLK_DIV_PROCESS.clk_counter_cy<7>
    SLICE_X50Y93.CIN     net (fanout=1)        0.000   Mcount_CLK_DIV_PROCESS.clk_counter_cy<7>
    SLICE_X50Y93.COUT    Tbyp                  0.117   CLK_DIV_PROCESS.clk_counter<11>
                                                       Mcount_CLK_DIV_PROCESS.clk_counter_cy<11>
    SLICE_X50Y94.CIN     net (fanout=1)        0.000   Mcount_CLK_DIV_PROCESS.clk_counter_cy<11>
    SLICE_X50Y94.COUT    Tbyp                  0.117   CLK_DIV_PROCESS.clk_counter<15>
                                                       Mcount_CLK_DIV_PROCESS.clk_counter_cy<15>
    SLICE_X50Y95.CIN     net (fanout=1)        0.000   Mcount_CLK_DIV_PROCESS.clk_counter_cy<15>
    SLICE_X50Y95.COUT    Tbyp                  0.117   CLK_DIV_PROCESS.clk_counter<19>
                                                       Mcount_CLK_DIV_PROCESS.clk_counter_cy<19>
    SLICE_X50Y96.CIN     net (fanout=1)        0.000   Mcount_CLK_DIV_PROCESS.clk_counter_cy<19>
    SLICE_X50Y96.COUT    Tbyp                  0.117   CLK_DIV_PROCESS.clk_counter<23>
                                                       Mcount_CLK_DIV_PROCESS.clk_counter_cy<23>
    SLICE_X50Y97.CIN     net (fanout=1)        0.000   Mcount_CLK_DIV_PROCESS.clk_counter_cy<23>
    SLICE_X50Y97.CLK     Tcinck                0.109   CLK_DIV_PROCESS.clk_counter<25>
                                                       Mcount_CLK_DIV_PROCESS.clk_counter_xor<25>
                                                       CLK_DIV_PROCESS.clk_counter_24
    -------------------------------------------------  ---------------------------
    Total                                      2.382ns (1.716ns logic, 0.666ns route)
                                                       (72.0% logic, 28.0% route)

--------------------------------------------------------------------------------

Paths for end point CLK_DIV_PROCESS.clk_counter_21 (SLICE_X50Y96.CIN), 20 paths
--------------------------------------------------------------------------------
Slack (setup path):     7.420ns (requirement - (data path - clock path skew + uncertainty))
  Source:               CLK_DIV_PROCESS.clk_counter_1 (FF)
  Destination:          CLK_DIV_PROCESS.clk_counter_21 (FF)
  Requirement:          10.000ns
  Data Path Delay:      2.521ns (Levels of Logic = 6)
  Clock Path Skew:      -0.024ns (0.170 - 0.194)
  Source Clock:         CLK_undiv_BUFGP rising at 0.000ns
  Destination Clock:    CLK_undiv_BUFGP rising at 10.000ns
  Clock Uncertainty:    0.035ns

  Clock Uncertainty:          0.035ns  ((TSJ^2 + TIJ^2)^1/2 + DJ) / 2 + PE
    Total System Jitter (TSJ):  0.070ns
    Total Input Jitter (TIJ):   0.000ns
    Discrete Jitter (DJ):       0.000ns
    Phase Error (PE):           0.000ns

  Maximum Data Path at Slow Process Corner: CLK_DIV_PROCESS.clk_counter_1 to CLK_DIV_PROCESS.clk_counter_21
    Location             Delay type         Delay(ns)  Physical Resource
                                                       Logical Resource(s)
    -------------------------------------------------  -------------------
    SLICE_X50Y91.BQ      Tcko                  0.518   CLK_DIV_PROCESS.clk_counter<3>
                                                       CLK_DIV_PROCESS.clk_counter_1
    SLICE_X50Y91.B2      net (fanout=2)        0.664   CLK_DIV_PROCESS.clk_counter<1>
    SLICE_X50Y91.COUT    Topcyb                0.657   CLK_DIV_PROCESS.clk_counter<3>
                                                       CLK_DIV_PROCESS.clk_counter<1>_rt.1
                                                       Mcount_CLK_DIV_PROCESS.clk_counter_cy<3>
    SLICE_X50Y92.CIN     net (fanout=1)        0.000   Mcount_CLK_DIV_PROCESS.clk_counter_cy<3>
    SLICE_X50Y92.COUT    Tbyp                  0.117   CLK_DIV_PROCESS.clk_counter<7>
                                                       Mcount_CLK_DIV_PROCESS.clk_counter_cy<7>
    SLICE_X50Y93.CIN     net (fanout=1)        0.000   Mcount_CLK_DIV_PROCESS.clk_counter_cy<7>
    SLICE_X50Y93.COUT    Tbyp                  0.117   CLK_DIV_PROCESS.clk_counter<11>
                                                       Mcount_CLK_DIV_PROCESS.clk_counter_cy<11>
    SLICE_X50Y94.CIN     net (fanout=1)        0.000   Mcount_CLK_DIV_PROCESS.clk_counter_cy<11>
    SLICE_X50Y94.COUT    Tbyp                  0.117   CLK_DIV_PROCESS.clk_counter<15>
                                                       Mcount_CLK_DIV_PROCESS.clk_counter_cy<15>
    SLICE_X50Y95.CIN     net (fanout=1)        0.000   Mcount_CLK_DIV_PROCESS.clk_counter_cy<15>
    SLICE_X50Y95.COUT    Tbyp                  0.117   CLK_DIV_PROCESS.clk_counter<19>
                                                       Mcount_CLK_DIV_PROCESS.clk_counter_cy<19>
    SLICE_X50Y96.CIN     net (fanout=1)        0.000   Mcount_CLK_DIV_PROCESS.clk_counter_cy<19>
    SLICE_X50Y96.CLK     Tcinck                0.214   CLK_DIV_PROCESS.clk_counter<23>
                                                       Mcount_CLK_DIV_PROCESS.clk_counter_cy<23>
                                                       CLK_DIV_PROCESS.clk_counter_21
    -------------------------------------------------  ---------------------------
    Total                                      2.521ns (1.857ns logic, 0.664ns route)
                                                       (73.7% logic, 26.3% route)

--------------------------------------------------------------------------------
Slack (setup path):     7.537ns (requirement - (data path - clock path skew + uncertainty))
  Source:               CLK_DIV_PROCESS.clk_counter_5 (FF)
  Destination:          CLK_DIV_PROCESS.clk_counter_21 (FF)
  Requirement:          10.000ns
  Data Path Delay:      2.404ns (Levels of Logic = 5)
  Clock Path Skew:      -0.024ns (0.170 - 0.194)
  Source Clock:         CLK_undiv_BUFGP rising at 0.000ns
  Destination Clock:    CLK_undiv_BUFGP rising at 10.000ns
  Clock Uncertainty:    0.035ns

  Clock Uncertainty:          0.035ns  ((TSJ^2 + TIJ^2)^1/2 + DJ) / 2 + PE
    Total System Jitter (TSJ):  0.070ns
    Total Input Jitter (TIJ):   0.000ns
    Discrete Jitter (DJ):       0.000ns
    Phase Error (PE):           0.000ns

  Maximum Data Path at Slow Process Corner: CLK_DIV_PROCESS.clk_counter_5 to CLK_DIV_PROCESS.clk_counter_21
    Location             Delay type         Delay(ns)  Physical Resource
                                                       Logical Resource(s)
    -------------------------------------------------  -------------------
    SLICE_X50Y92.BQ      Tcko                  0.518   CLK_DIV_PROCESS.clk_counter<7>
                                                       CLK_DIV_PROCESS.clk_counter_5
    SLICE_X50Y92.B2      net (fanout=2)        0.664   CLK_DIV_PROCESS.clk_counter<5>
    SLICE_X50Y92.COUT    Topcyb                0.657   CLK_DIV_PROCESS.clk_counter<7>
                                                       CLK_DIV_PROCESS.clk_counter<5>_rt.1
                                                       Mcount_CLK_DIV_PROCESS.clk_counter_cy<7>
    SLICE_X50Y93.CIN     net (fanout=1)        0.000   Mcount_CLK_DIV_PROCESS.clk_counter_cy<7>
    SLICE_X50Y93.COUT    Tbyp                  0.117   CLK_DIV_PROCESS.clk_counter<11>
                                                       Mcount_CLK_DIV_PROCESS.clk_counter_cy<11>
    SLICE_X50Y94.CIN     net (fanout=1)        0.000   Mcount_CLK_DIV_PROCESS.clk_counter_cy<11>
    SLICE_X50Y94.COUT    Tbyp                  0.117   CLK_DIV_PROCESS.clk_counter<15>
                                                       Mcount_CLK_DIV_PROCESS.clk_counter_cy<15>
    SLICE_X50Y95.CIN     net (fanout=1)        0.000   Mcount_CLK_DIV_PROCESS.clk_counter_cy<15>
    SLICE_X50Y95.COUT    Tbyp                  0.117   CLK_DIV_PROCESS.clk_counter<19>
                                                       Mcount_CLK_DIV_PROCESS.clk_counter_cy<19>
    SLICE_X50Y96.CIN     net (fanout=1)        0.000   Mcount_CLK_DIV_PROCESS.clk_counter_cy<19>
    SLICE_X50Y96.CLK     Tcinck                0.214   CLK_DIV_PROCESS.clk_counter<23>
                                                       Mcount_CLK_DIV_PROCESS.clk_counter_cy<23>
                                                       CLK_DIV_PROCESS.clk_counter_21
    -------------------------------------------------  ---------------------------
    Total                                      2.404ns (1.740ns logic, 0.664ns route)
                                                       (72.4% logic, 27.6% route)

--------------------------------------------------------------------------------
Slack (setup path):     7.571ns (requirement - (data path - clock path skew + uncertainty))
  Source:               CLK_DIV_PROCESS.clk_counter_2 (FF)
  Destination:          CLK_DIV_PROCESS.clk_counter_21 (FF)
  Requirement:          10.000ns
  Data Path Delay:      2.370ns (Levels of Logic = 6)
  Clock Path Skew:      -0.024ns (0.170 - 0.194)
  Source Clock:         CLK_undiv_BUFGP rising at 0.000ns
  Destination Clock:    CLK_undiv_BUFGP rising at 10.000ns
  Clock Uncertainty:    0.035ns

  Clock Uncertainty:          0.035ns  ((TSJ^2 + TIJ^2)^1/2 + DJ) / 2 + PE
    Total System Jitter (TSJ):  0.070ns
    Total Input Jitter (TIJ):   0.000ns
    Discrete Jitter (DJ):       0.000ns
    Phase Error (PE):           0.000ns

  Maximum Data Path at Slow Process Corner: CLK_DIV_PROCESS.clk_counter_2 to CLK_DIV_PROCESS.clk_counter_21
    Location             Delay type         Delay(ns)  Physical Resource
                                                       Logical Resource(s)
    -------------------------------------------------  -------------------
    SLICE_X50Y91.CQ      Tcko                  0.518   CLK_DIV_PROCESS.clk_counter<3>
                                                       CLK_DIV_PROCESS.clk_counter_2
    SLICE_X50Y91.C2      net (fanout=2)        0.666   CLK_DIV_PROCESS.clk_counter<2>
    SLICE_X50Y91.COUT    Topcyc                0.504   CLK_DIV_PROCESS.clk_counter<3>
                                                       CLK_DIV_PROCESS.clk_counter<2>_rt.1
                                                       Mcount_CLK_DIV_PROCESS.clk_counter_cy<3>
    SLICE_X50Y92.CIN     net (fanout=1)        0.000   Mcount_CLK_DIV_PROCESS.clk_counter_cy<3>
    SLICE_X50Y92.COUT    Tbyp                  0.117   CLK_DIV_PROCESS.clk_counter<7>
                                                       Mcount_CLK_DIV_PROCESS.clk_counter_cy<7>
    SLICE_X50Y93.CIN     net (fanout=1)        0.000   Mcount_CLK_DIV_PROCESS.clk_counter_cy<7>
    SLICE_X50Y93.COUT    Tbyp                  0.117   CLK_DIV_PROCESS.clk_counter<11>
                                                       Mcount_CLK_DIV_PROCESS.clk_counter_cy<11>
    SLICE_X50Y94.CIN     net (fanout=1)        0.000   Mcount_CLK_DIV_PROCESS.clk_counter_cy<11>
    SLICE_X50Y94.COUT    Tbyp                  0.117   CLK_DIV_PROCESS.clk_counter<15>
                                                       Mcount_CLK_DIV_PROCESS.clk_counter_cy<15>
    SLICE_X50Y95.CIN     net (fanout=1)        0.000   Mcount_CLK_DIV_PROCESS.clk_counter_cy<15>
    SLICE_X50Y95.COUT    Tbyp                  0.117   CLK_DIV_PROCESS.clk_counter<19>
                                                       Mcount_CLK_DIV_PROCESS.clk_counter_cy<19>
    SLICE_X50Y96.CIN     net (fanout=1)        0.000   Mcount_CLK_DIV_PROCESS.clk_counter_cy<19>
    SLICE_X50Y96.CLK     Tcinck                0.214   CLK_DIV_PROCESS.clk_counter<23>
                                                       Mcount_CLK_DIV_PROCESS.clk_counter_cy<23>
                                                       CLK_DIV_PROCESS.clk_counter_21
    -------------------------------------------------  ---------------------------
    Total                                      2.370ns (1.704ns logic, 0.666ns route)
                                                       (71.9% logic, 28.1% route)

--------------------------------------------------------------------------------

Hold Paths: TS_sys_clk_pin = PERIOD TIMEGRP "sys_clk_pin" 100 MHz HIGH 50%;
--------------------------------------------------------------------------------

Paths for end point CLK_DIV_PROCESS.clk_counter_3 (SLICE_X50Y91.D3), 1 path
--------------------------------------------------------------------------------
Slack (hold path):      0.287ns (requirement - (clock path skew + uncertainty - data path))
  Source:               CLK_DIV_PROCESS.clk_counter_3 (FF)
  Destination:          CLK_DIV_PROCESS.clk_counter_3 (FF)
  Requirement:          0.000ns
  Data Path Delay:      0.287ns (Levels of Logic = 1)
  Clock Path Skew:      0.000ns
  Source Clock:         CLK_undiv_BUFGP rising at 10.000ns
  Destination Clock:    CLK_undiv_BUFGP rising at 10.000ns
  Clock Uncertainty:    0.000ns

  Minimum Data Path at Fast Process Corner: CLK_DIV_PROCESS.clk_counter_3 to CLK_DIV_PROCESS.clk_counter_3
    Location             Delay type         Delay(ns)  Physical Resource
                                                       Logical Resource(s)
    -------------------------------------------------  -------------------
    SLICE_X50Y91.DQ      Tcko                  0.164   CLK_DIV_PROCESS.clk_counter<3>
                                                       CLK_DIV_PROCESS.clk_counter_3
    SLICE_X50Y91.D3      net (fanout=2)        0.148   CLK_DIV_PROCESS.clk_counter<3>
    SLICE_X50Y91.CLK     Tah         (-Th)     0.025   CLK_DIV_PROCESS.clk_counter<3>
                                                       CLK_DIV_PROCESS.clk_counter<3>_rt.1
                                                       Mcount_CLK_DIV_PROCESS.clk_counter_cy<3>
                                                       CLK_DIV_PROCESS.clk_counter_3
    -------------------------------------------------  ---------------------------
    Total                                      0.287ns (0.139ns logic, 0.148ns route)
                                                       (48.4% logic, 51.6% route)

--------------------------------------------------------------------------------

Paths for end point CLK_DIV_PROCESS.clk_counter_7 (SLICE_X50Y92.D3), 1 path
--------------------------------------------------------------------------------
Slack (hold path):      0.287ns (requirement - (clock path skew + uncertainty - data path))
  Source:               CLK_DIV_PROCESS.clk_counter_7 (FF)
  Destination:          CLK_DIV_PROCESS.clk_counter_7 (FF)
  Requirement:          0.000ns
  Data Path Delay:      0.287ns (Levels of Logic = 1)
  Clock Path Skew:      0.000ns
  Source Clock:         CLK_undiv_BUFGP rising at 10.000ns
  Destination Clock:    CLK_undiv_BUFGP rising at 10.000ns
  Clock Uncertainty:    0.000ns

  Minimum Data Path at Fast Process Corner: CLK_DIV_PROCESS.clk_counter_7 to CLK_DIV_PROCESS.clk_counter_7
    Location             Delay type         Delay(ns)  Physical Resource
                                                       Logical Resource(s)
    -------------------------------------------------  -------------------
    SLICE_X50Y92.DQ      Tcko                  0.164   CLK_DIV_PROCESS.clk_counter<7>
                                                       CLK_DIV_PROCESS.clk_counter_7
    SLICE_X50Y92.D3      net (fanout=2)        0.148   CLK_DIV_PROCESS.clk_counter<7>
    SLICE_X50Y92.CLK     Tah         (-Th)     0.025   CLK_DIV_PROCESS.clk_counter<7>
                                                       CLK_DIV_PROCESS.clk_counter<7>_rt.1
                                                       Mcount_CLK_DIV_PROCESS.clk_counter_cy<7>
                                                       CLK_DIV_PROCESS.clk_counter_7
    -------------------------------------------------  ---------------------------
    Total                                      0.287ns (0.139ns logic, 0.148ns route)
                                                       (48.4% logic, 51.6% route)

--------------------------------------------------------------------------------

Paths for end point CLK_DIV_PROCESS.clk_counter_11 (SLICE_X50Y93.D3), 1 path
--------------------------------------------------------------------------------
Slack (hold path):      0.287ns (requirement - (clock path skew + uncertainty - data path))
  Source:               CLK_DIV_PROCESS.clk_counter_11 (FF)
  Destination:          CLK_DIV_PROCESS.clk_counter_11 (FF)
  Requirement:          0.000ns
  Data Path Delay:      0.287ns (Levels of Logic = 1)
  Clock Path Skew:      0.000ns
  Source Clock:         CLK_undiv_BUFGP rising at 10.000ns
  Destination Clock:    CLK_undiv_BUFGP rising at 10.000ns
  Clock Uncertainty:    0.000ns

  Minimum Data Path at Fast Process Corner: CLK_DIV_PROCESS.clk_counter_11 to CLK_DIV_PROCESS.clk_counter_11
    Location             Delay type         Delay(ns)  Physical Resource
                                                       Logical Resource(s)
    -------------------------------------------------  -------------------
    SLICE_X50Y93.DQ      Tcko                  0.164   CLK_DIV_PROCESS.clk_counter<11>
                                                       CLK_DIV_PROCESS.clk_counter_11
    SLICE_X50Y93.D3      net (fanout=2)        0.148   CLK_DIV_PROCESS.clk_counter<11>
    SLICE_X50Y93.CLK     Tah         (-Th)     0.025   CLK_DIV_PROCESS.clk_counter<11>
                                                       CLK_DIV_PROCESS.clk_counter<11>_rt.1
                                                       Mcount_CLK_DIV_PROCESS.clk_counter_cy<11>
                                                       CLK_DIV_PROCESS.clk_counter_11
    -------------------------------------------------  ---------------------------
    Total                                      0.287ns (0.139ns logic, 0.148ns route)
                                                       (48.4% logic, 51.6% route)

--------------------------------------------------------------------------------

Component Switching Limit Checks: TS_sys_clk_pin = PERIOD TIMEGRP "sys_clk_pin" 100 MHz HIGH 50%;
--------------------------------------------------------------------------------
Slack: 7.845ns (period - min period limit)
  Period: 10.000ns
  Min period limit: 2.155ns (464.037MHz) (Tbcper_I(Fmax))
  Physical resource: CLK_undiv_BUFGP/BUFG/I0
  Logical resource: CLK_undiv_BUFGP/BUFG/I0
  Location pin: BUFGCTRL_X0Y31.I0
  Clock network: CLK_undiv_BUFGP/IBUFG
--------------------------------------------------------------------------------
Slack: 9.000ns (period - (min low pulse limit / (low pulse / period)))
  Period: 10.000ns
  Low pulse: 5.000ns
  Low pulse limit: 0.500ns (Tcl)
  Physical resource: CLK/CLK
  Logical resource: CLK/CK
  Location pin: SLICE_X51Y97.CLK
  Clock network: CLK_undiv_BUFGP
--------------------------------------------------------------------------------
Slack: 9.000ns (period - (min high pulse limit / (high pulse / period)))
  Period: 10.000ns
  High pulse: 5.000ns
  High pulse limit: 0.500ns (Tch)
  Physical resource: CLK/CLK
  Logical resource: CLK/CK
  Location pin: SLICE_X51Y97.CLK
  Clock network: CLK_undiv_BUFGP
--------------------------------------------------------------------------------


All constraints were met.


Data Sheet report:
-----------------
All values displayed in nanoseconds (ns)

Clock to Setup on destination clock CLK_undiv
---------------+---------+---------+---------+---------+
               | Src:Rise| Src:Fall| Src:Rise| Src:Fall|
Source Clock   |Dest:Rise|Dest:Rise|Dest:Fall|Dest:Fall|
---------------+---------+---------+---------+---------+
CLK_undiv      |    2.696|         |         |         |
---------------+---------+---------+---------+---------+


Timing summary:
---------------

Timing errors: 0  Score: 0  (Setup/Max: 0, Hold: 0)

Constraints cover 377 paths, 0 nets, and 73 connections

Design statistics:
   Minimum period:   2.696ns{1}   (Maximum frequency: 370.920MHz)


------------------------------------Footnotes-----------------------------------
1)  The minimum period statistic assumes all single cycle delays.

Analysis completed Thu Oct 30 20:13:53 2014 
--------------------------------------------------------------------------------

Trace Settings:
-------------------------
Trace Settings 

Peak Memory Usage: 594 MB



